7zip
amd-ucode
android-studio
archlinux-xdg-menu
ark
base
base-devel
bat
bibata-cursor-theme-bin
chromium
clang
cmake
cursor-bin
dbeaver
discord
docker
docker-compose
dolphin
dunst
firefox-developer-edition
fish
fontconfig
fzf
ghostscript
git
gitkraken
gnu-netcat
graphicsmagick
grim
hypridle
hyprland
hyprpolkitagent
inter-font
jdk17-openjdk
kate
kitty
kwallet
lib32-fontconfig
lib32-mesa
lib32-nvidia-utils
lib32-pipewire
libva-nvidia-driver
linux
linux-firmware
linux-headers
linux-lts
linux-lts-headers
lsd
man-db
mesa
mesa-utils
mpv
neovim
network-manager-applet
networkmanager
ninja
nodejs-lts-iron
noto-fonts
noto-fonts-cjk
noto-fonts-emoji
noto-fonts-extra
npm
nvidia-open-dkms
nwg-look
openssh
papirus-icon-theme
paru
pavucontrol
pipewire
pipewire-alsa
pipewire-jack
pipewire-pulse
playerctl
pnpm
postgresql
qbittorrent
qt6ct
redis
reflector
ripgrep
rofi-wayland
slurp
spotify-launcher
starship
steam
teams-for-linux
ttf-dejavu
ttf-liberation
ttf-nerd-fonts-symbols-mono
ufw
waybar
wev
wireplumber
wl-clipboard
xdg-user-dirs
xdg-utils
xdotool
yadm
zoxide
zram-generator
